<?xml version="1.0" encoding="UTF-8"?>
<!-- Generated by org.testng.reporters.JUnitReportReporter -->
<testsuite skipped="0" hostname="Gonzalo-HP" name="com.globant.automation.GoogleVsBingTest" tests="5" failures="5" timestamp="19 mar 2018 01:12:29 GMT" time="59.210" errors="0">
  <testcase name="testGoogleVsBing" time="11.720" classname="com.globant.automation.GoogleVsBingTest">
    <failure type="org.junit.internal.ArrayComparisonFailure" message="arrays first differed at element [0]; expected:&lt;[Tienda Antel]&gt; but was:&lt;[Celulares y Smartphones en Mercado Libre Uruguay]&gt;">
      <![CDATA[arrays first differed at element [0]; expected:<[Tienda Antel]> but was:<[Celulares y Smartphones en Mercado Libre Uruguay]>
at org.junit.internal.ComparisonCriteria.arrayEquals(ComparisonCriteria.java:55)
at org.junit.Assert.internalArrayEquals(Assert.java:532)
at org.junit.Assert.assertArrayEquals(Assert.java:283)
at org.junit.Assert.assertArrayEquals(Assert.java:298)
at com.globant.automation.GoogleVsBingTest.testGoogleVsBing(GoogleVsBingTest.java:77)
at sun.reflect.NativeMethodAccessorImpl.invoke0(Native Method)
at sun.reflect.NativeMethodAccessorImpl.invoke(Unknown Source)
at sun.reflect.DelegatingMethodAccessorImpl.invoke(Unknown Source)
at java.lang.reflect.Method.invoke(Unknown Source)
at org.testng.internal.MethodInvocationHelper.invokeMethod(MethodInvocationHelper.java:124)
at org.testng.internal.Invoker.invokeMethod(Invoker.java:580)
at org.testng.internal.Invoker.invokeTestMethod(Invoker.java:716)
at org.testng.internal.Invoker.invokeTestMethods(Invoker.java:988)
at org.testng.internal.TestMethodWorker.invokeTestMethods(TestMethodWorker.java:125)
at org.testng.internal.TestMethodWorker.run(TestMethodWorker.java:109)
at org.testng.TestRunner.privateRun(TestRunner.java:648)
at org.testng.TestRunner.run(TestRunner.java:505)
at org.testng.SuiteRunner.runTest(SuiteRunner.java:455)
at org.testng.SuiteRunner.runSequentially(SuiteRunner.java:450)
at org.testng.SuiteRunner.privateRun(SuiteRunner.java:415)
at org.testng.SuiteRunner.run(SuiteRunner.java:364)
at org.testng.SuiteRunnerWorker.runSuite(SuiteRunnerWorker.java:52)
at org.testng.SuiteRunnerWorker.run(SuiteRunnerWorker.java:84)
at org.testng.TestNG.runSuitesSequentially(TestNG.java:1208)
at org.testng.TestNG.runSuitesLocally(TestNG.java:1137)
at org.testng.TestNG.runSuites(TestNG.java:1049)
at org.testng.TestNG.run(TestNG.java:1017)
at org.testng.remote.AbstractRemoteTestNG.run(AbstractRemoteTestNG.java:114)
at org.testng.remote.RemoteTestNG.initAndRun(RemoteTestNG.java:251)
at org.testng.remote.RemoteTestNG.main(RemoteTestNG.java:77)
Caused by: org.junit.ComparisonFailure: expected:<[Tienda Antel]> but was:<[Celulares y Smartphones en Mercado Libre Uruguay]>
at org.junit.Assert.assertEquals(Assert.java:115)
at org.junit.Assert.assertEquals(Assert.java:144)
at org.junit.internal.ExactComparisonCriteria.assertElementsEqual(ExactComparisonCriteria.java:8)
at org.junit.internal.ComparisonCriteria.arrayEquals(ComparisonCriteria.java:53)
... 29 more
]]>
    </failure>
  </testcase> <!-- testGoogleVsBing -->
  <testcase name="testGoogleVsBing" time="16.282" classname="com.globant.automation.GoogleVsBingTest">
    <failure type="org.junit.internal.ArrayComparisonFailure" message="arrays first differed at element [0]; expected:&lt;[casas.com.uy - Casas, Chalets - Montevideo, Punta del …]&gt; but was:&lt;[Venta de casas en Montevideo - Gallito.com.uy]&gt;">
      <![CDATA[arrays first differed at element [0]; expected:<[casas.com.uy - Casas, Chalets - Montevideo, Punta del …]> but was:<[Venta de casas en Montevideo - Gallito.com.uy]>
at org.junit.internal.ComparisonCriteria.arrayEquals(ComparisonCriteria.java:55)
at org.junit.Assert.internalArrayEquals(Assert.java:532)
at org.junit.Assert.assertArrayEquals(Assert.java:283)
at org.junit.Assert.assertArrayEquals(Assert.java:298)
at com.globant.automation.GoogleVsBingTest.testGoogleVsBing(GoogleVsBingTest.java:77)
at sun.reflect.NativeMethodAccessorImpl.invoke0(Native Method)
at sun.reflect.NativeMethodAccessorImpl.invoke(Unknown Source)
at sun.reflect.DelegatingMethodAccessorImpl.invoke(Unknown Source)
at java.lang.reflect.Method.invoke(Unknown Source)
at org.testng.internal.MethodInvocationHelper.invokeMethod(MethodInvocationHelper.java:124)
at org.testng.internal.Invoker.invokeMethod(Invoker.java:580)
at org.testng.internal.Invoker.invokeTestMethod(Invoker.java:716)
at org.testng.internal.Invoker.invokeTestMethods(Invoker.java:988)
at org.testng.internal.TestMethodWorker.invokeTestMethods(TestMethodWorker.java:125)
at org.testng.internal.TestMethodWorker.run(TestMethodWorker.java:109)
at org.testng.TestRunner.privateRun(TestRunner.java:648)
at org.testng.TestRunner.run(TestRunner.java:505)
at org.testng.SuiteRunner.runTest(SuiteRunner.java:455)
at org.testng.SuiteRunner.runSequentially(SuiteRunner.java:450)
at org.testng.SuiteRunner.privateRun(SuiteRunner.java:415)
at org.testng.SuiteRunner.run(SuiteRunner.java:364)
at org.testng.SuiteRunnerWorker.runSuite(SuiteRunnerWorker.java:52)
at org.testng.SuiteRunnerWorker.run(SuiteRunnerWorker.java:84)
at org.testng.TestNG.runSuitesSequentially(TestNG.java:1208)
at org.testng.TestNG.runSuitesLocally(TestNG.java:1137)
at org.testng.TestNG.runSuites(TestNG.java:1049)
at org.testng.TestNG.run(TestNG.java:1017)
at org.testng.remote.AbstractRemoteTestNG.run(AbstractRemoteTestNG.java:114)
at org.testng.remote.RemoteTestNG.initAndRun(RemoteTestNG.java:251)
at org.testng.remote.RemoteTestNG.main(RemoteTestNG.java:77)
Caused by: org.junit.ComparisonFailure: expected:<[casas.com.uy - Casas, Chalets - Montevideo, Punta del …]> but was:<[Venta de casas en Montevideo - Gallito.com.uy]>
at org.junit.Assert.assertEquals(Assert.java:115)
at org.junit.Assert.assertEquals(Assert.java:144)
at org.junit.internal.ExactComparisonCriteria.assertElementsEqual(ExactComparisonCriteria.java:8)
at org.junit.internal.ComparisonCriteria.arrayEquals(ComparisonCriteria.java:53)
... 29 more
]]>
    </failure>
  </testcase> <!-- testGoogleVsBing -->
  <testcase name="testGoogleVsBing" time="9.890" classname="com.globant.automation.GoogleVsBingTest">
    <failure type="org.junit.internal.ArrayComparisonFailure" message="arrays first differed at element [1]; expected:&lt;[Barcos de ocasión, alquiler de barcos, embarcaciones ...]&gt; but was:&lt;[TOP 10 Accidentes de Barcos más Comunes - YouTube]&gt;">
      <![CDATA[arrays first differed at element [1]; expected:<[Barcos de ocasión, alquiler de barcos, embarcaciones ...]> but was:<[TOP 10 Accidentes de Barcos más Comunes - YouTube]>
at org.junit.internal.ComparisonCriteria.arrayEquals(ComparisonCriteria.java:55)
at org.junit.Assert.internalArrayEquals(Assert.java:532)
at org.junit.Assert.assertArrayEquals(Assert.java:283)
at org.junit.Assert.assertArrayEquals(Assert.java:298)
at com.globant.automation.GoogleVsBingTest.testGoogleVsBing(GoogleVsBingTest.java:77)
at sun.reflect.NativeMethodAccessorImpl.invoke0(Native Method)
at sun.reflect.NativeMethodAccessorImpl.invoke(Unknown Source)
at sun.reflect.DelegatingMethodAccessorImpl.invoke(Unknown Source)
at java.lang.reflect.Method.invoke(Unknown Source)
at org.testng.internal.MethodInvocationHelper.invokeMethod(MethodInvocationHelper.java:124)
at org.testng.internal.Invoker.invokeMethod(Invoker.java:580)
at org.testng.internal.Invoker.invokeTestMethod(Invoker.java:716)
at org.testng.internal.Invoker.invokeTestMethods(Invoker.java:988)
at org.testng.internal.TestMethodWorker.invokeTestMethods(TestMethodWorker.java:125)
at org.testng.internal.TestMethodWorker.run(TestMethodWorker.java:109)
at org.testng.TestRunner.privateRun(TestRunner.java:648)
at org.testng.TestRunner.run(TestRunner.java:505)
at org.testng.SuiteRunner.runTest(SuiteRunner.java:455)
at org.testng.SuiteRunner.runSequentially(SuiteRunner.java:450)
at org.testng.SuiteRunner.privateRun(SuiteRunner.java:415)
at org.testng.SuiteRunner.run(SuiteRunner.java:364)
at org.testng.SuiteRunnerWorker.runSuite(SuiteRunnerWorker.java:52)
at org.testng.SuiteRunnerWorker.run(SuiteRunnerWorker.java:84)
at org.testng.TestNG.runSuitesSequentially(TestNG.java:1208)
at org.testng.TestNG.runSuitesLocally(TestNG.java:1137)
at org.testng.TestNG.runSuites(TestNG.java:1049)
at org.testng.TestNG.run(TestNG.java:1017)
at org.testng.remote.AbstractRemoteTestNG.run(AbstractRemoteTestNG.java:114)
at org.testng.remote.RemoteTestNG.initAndRun(RemoteTestNG.java:251)
at org.testng.remote.RemoteTestNG.main(RemoteTestNG.java:77)
Caused by: org.junit.ComparisonFailure: expected:<[Barcos de ocasión, alquiler de barcos, embarcaciones ...]> but was:<[TOP 10 Accidentes de Barcos más Comunes - YouTube]>
at org.junit.Assert.assertEquals(Assert.java:115)
at org.junit.Assert.assertEquals(Assert.java:144)
at org.junit.internal.ExactComparisonCriteria.assertElementsEqual(ExactComparisonCriteria.java:8)
at org.junit.internal.ComparisonCriteria.arrayEquals(ComparisonCriteria.java:53)
... 29 more
]]>
    </failure>
  </testcase> <!-- testGoogleVsBing -->
  <testcase name="testGoogleVsBing" time="10.791" classname="com.globant.automation.GoogleVsBingTest">
    <failure type="org.junit.internal.ArrayComparisonFailure" message="arrays first differed at element [0]; expected:&lt;[El mundo de los autos: noticias, videos, fotos y toda la ...]&gt; but was:&lt;[Autos y Camionetas en Mercado Libre Uruguay]&gt;">
      <![CDATA[arrays first differed at element [0]; expected:<[El mundo de los autos: noticias, videos, fotos y toda la ...]> but was:<[Autos y Camionetas en Mercado Libre Uruguay]>
at org.junit.internal.ComparisonCriteria.arrayEquals(ComparisonCriteria.java:55)
at org.junit.Assert.internalArrayEquals(Assert.java:532)
at org.junit.Assert.assertArrayEquals(Assert.java:283)
at org.junit.Assert.assertArrayEquals(Assert.java:298)
at com.globant.automation.GoogleVsBingTest.testGoogleVsBing(GoogleVsBingTest.java:77)
at sun.reflect.NativeMethodAccessorImpl.invoke0(Native Method)
at sun.reflect.NativeMethodAccessorImpl.invoke(Unknown Source)
at sun.reflect.DelegatingMethodAccessorImpl.invoke(Unknown Source)
at java.lang.reflect.Method.invoke(Unknown Source)
at org.testng.internal.MethodInvocationHelper.invokeMethod(MethodInvocationHelper.java:124)
at org.testng.internal.Invoker.invokeMethod(Invoker.java:580)
at org.testng.internal.Invoker.invokeTestMethod(Invoker.java:716)
at org.testng.internal.Invoker.invokeTestMethods(Invoker.java:988)
at org.testng.internal.TestMethodWorker.invokeTestMethods(TestMethodWorker.java:125)
at org.testng.internal.TestMethodWorker.run(TestMethodWorker.java:109)
at org.testng.TestRunner.privateRun(TestRunner.java:648)
at org.testng.TestRunner.run(TestRunner.java:505)
at org.testng.SuiteRunner.runTest(SuiteRunner.java:455)
at org.testng.SuiteRunner.runSequentially(SuiteRunner.java:450)
at org.testng.SuiteRunner.privateRun(SuiteRunner.java:415)
at org.testng.SuiteRunner.run(SuiteRunner.java:364)
at org.testng.SuiteRunnerWorker.runSuite(SuiteRunnerWorker.java:52)
at org.testng.SuiteRunnerWorker.run(SuiteRunnerWorker.java:84)
at org.testng.TestNG.runSuitesSequentially(TestNG.java:1208)
at org.testng.TestNG.runSuitesLocally(TestNG.java:1137)
at org.testng.TestNG.runSuites(TestNG.java:1049)
at org.testng.TestNG.run(TestNG.java:1017)
at org.testng.remote.AbstractRemoteTestNG.run(AbstractRemoteTestNG.java:114)
at org.testng.remote.RemoteTestNG.initAndRun(RemoteTestNG.java:251)
at org.testng.remote.RemoteTestNG.main(RemoteTestNG.java:77)
Caused by: org.junit.ComparisonFailure: expected:<[El mundo de los autos: noticias, videos, fotos y toda la ...]> but was:<[Autos y Camionetas en Mercado Libre Uruguay]>
at org.junit.Assert.assertEquals(Assert.java:115)
at org.junit.Assert.assertEquals(Assert.java:144)
at org.junit.internal.ExactComparisonCriteria.assertElementsEqual(ExactComparisonCriteria.java:8)
at org.junit.internal.ComparisonCriteria.arrayEquals(ComparisonCriteria.java:53)
... 29 more
]]>
    </failure>
  </testcase> <!-- testGoogleVsBing -->
  <testcase name="testGoogleVsBing" time="10.527" classname="com.globant.automation.GoogleVsBingTest">
    <failure type="org.junit.internal.ArrayComparisonFailure" message="arrays first differed at element [1]; expected:&lt;[Peliculas y Series Online Estrenos de Cine ver Gratis …]&gt; but was:&lt;[El Sapo Pepe - Canciones de la Granja de Zenón 2 - YouTube]&gt;">
      <![CDATA[arrays first differed at element [1]; expected:<[Peliculas y Series Online Estrenos de Cine ver Gratis …]> but was:<[El Sapo Pepe - Canciones de la Granja de Zenón 2 - YouTube]>
at org.junit.internal.ComparisonCriteria.arrayEquals(ComparisonCriteria.java:55)
at org.junit.Assert.internalArrayEquals(Assert.java:532)
at org.junit.Assert.assertArrayEquals(Assert.java:283)
at org.junit.Assert.assertArrayEquals(Assert.java:298)
at com.globant.automation.GoogleVsBingTest.testGoogleVsBing(GoogleVsBingTest.java:77)
at sun.reflect.NativeMethodAccessorImpl.invoke0(Native Method)
at sun.reflect.NativeMethodAccessorImpl.invoke(Unknown Source)
at sun.reflect.DelegatingMethodAccessorImpl.invoke(Unknown Source)
at java.lang.reflect.Method.invoke(Unknown Source)
at org.testng.internal.MethodInvocationHelper.invokeMethod(MethodInvocationHelper.java:124)
at org.testng.internal.Invoker.invokeMethod(Invoker.java:580)
at org.testng.internal.Invoker.invokeTestMethod(Invoker.java:716)
at org.testng.internal.Invoker.invokeTestMethods(Invoker.java:988)
at org.testng.internal.TestMethodWorker.invokeTestMethods(TestMethodWorker.java:125)
at org.testng.internal.TestMethodWorker.run(TestMethodWorker.java:109)
at org.testng.TestRunner.privateRun(TestRunner.java:648)
at org.testng.TestRunner.run(TestRunner.java:505)
at org.testng.SuiteRunner.runTest(SuiteRunner.java:455)
at org.testng.SuiteRunner.runSequentially(SuiteRunner.java:450)
at org.testng.SuiteRunner.privateRun(SuiteRunner.java:415)
at org.testng.SuiteRunner.run(SuiteRunner.java:364)
at org.testng.SuiteRunnerWorker.runSuite(SuiteRunnerWorker.java:52)
at org.testng.SuiteRunnerWorker.run(SuiteRunnerWorker.java:84)
at org.testng.TestNG.runSuitesSequentially(TestNG.java:1208)
at org.testng.TestNG.runSuitesLocally(TestNG.java:1137)
at org.testng.TestNG.runSuites(TestNG.java:1049)
at org.testng.TestNG.run(TestNG.java:1017)
at org.testng.remote.AbstractRemoteTestNG.run(AbstractRemoteTestNG.java:114)
at org.testng.remote.RemoteTestNG.initAndRun(RemoteTestNG.java:251)
at org.testng.remote.RemoteTestNG.main(RemoteTestNG.java:77)
Caused by: org.junit.ComparisonFailure: expected:<[Peliculas y Series Online Estrenos de Cine ver Gratis …]> but was:<[El Sapo Pepe - Canciones de la Granja de Zenón 2 - YouTube]>
at org.junit.Assert.assertEquals(Assert.java:115)
at org.junit.Assert.assertEquals(Assert.java:144)
at org.junit.internal.ExactComparisonCriteria.assertElementsEqual(ExactComparisonCriteria.java:8)
at org.junit.internal.ComparisonCriteria.arrayEquals(ComparisonCriteria.java:53)
... 29 more
]]>
    </failure>
  </testcase> <!-- testGoogleVsBing -->
</testsuite> <!-- com.globant.automation.GoogleVsBingTest -->
